2025-11-01 05:26:31,789 - jarvis.auto_execution - ERROR - _initialize_engines:4906 - Error initializing engines: 'AdvancedAutoExecutionSystem' object has no attribute 'integration_lock'
2025-11-01 05:26:52,958 - jarvis.auto_execution - ERROR - _initialize_engines:4908 - Error initializing engines: 'AdvancedAutoExecutionSystem' object has no attribute 'integration_lock'
2025-11-01 05:27:18,105 - jarvis.auto_execution - ERROR - _initialize_engines:4908 - Error initializing engines: name 'ErrorPredictor' is not defined
2025-11-01 05:28:06,318 - jarvis.auto_execution - INFO - _initialize_engines:4890 - Initialized 7 engines successfully
2025-11-01 05:28:06,319 - jarvis.auto_execution - INFO - __init__:4732 - Advanced Auto-Execution System initialized
2025-11-01 05:33:26,818 - jarvis.auto_execution - INFO - _initialize_engines:6507 - Initialized 9 engines successfully
2025-11-01 05:33:26,818 - jarvis.auto_execution - INFO - __init__:6339 - Advanced Auto-Execution System initialized
2025-11-01 05:33:26,818 - jarvis.auto_execution - INFO - start:6520 - Starting Advanced Auto-Execution System...
2025-11-01 05:33:26,819 - jarvis.auto_execution - INFO - start:6526 - Started engine: project_discovery
2025-11-01 05:33:26,821 - jarvis.auto_execution - INFO - start:6526 - Started engine: priority_manager
2025-11-01 05:33:26,824 - jarvis.auto_execution - INFO - start:6526 - Started engine: execution_scheduler
2025-11-01 05:33:26,824 - jarvis.auto_execution - INFO - start:6526 - Started engine: platform_compatibility
2025-11-01 05:33:26,826 - jarvis.auto_execution - INFO - start:6526 - Started engine: performance_monitor
2025-11-01 05:33:26,828 - jarvis.auto_execution - INFO - start:6526 - Started engine: health_tracker
2025-11-01 05:33:26,830 - jarvis.auto_execution - INFO - start:6526 - Started engine: adaptive_strategy
2025-11-01 05:33:26,832 - jarvis.auto_execution - INFO - start:6526 - Started engine: error_predictor
2025-11-01 05:33:26,834 - jarvis.auto_execution - INFO - start:6526 - Started engine: autonomous_debugger
2025-11-01 05:33:26,834 - jarvis.auto_execution - INFO - _start_system_integration:6579 - System integration started
2025-11-01 05:33:26,835 - jarvis.auto_execution - INFO - start:6537 - Advanced Auto-Execution System started successfully
2025-11-01 05:33:26,838 - jarvis.auto_execution - INFO - stop:6551 - Stopping Advanced Auto-Execution System...
2025-11-01 05:33:26,839 - jarvis.auto_execution - INFO - stop:6557 - Stopped engine: project_discovery
2025-11-01 05:33:26,840 - jarvis.auto_execution - INFO - stop:6557 - Stopped engine: priority_manager
2025-11-01 05:33:26,842 - jarvis.auto_execution - INFO - stop:6557 - Stopped engine: execution_scheduler
2025-11-01 05:33:26,844 - jarvis.auto_execution - INFO - stop:6557 - Stopped engine: platform_compatibility
2025-11-01 05:33:26,844 - jarvis.auto_execution - INFO - stop:6557 - Stopped engine: performance_monitor
2025-11-01 05:33:26,844 - jarvis.auto_execution - INFO - stop:6557 - Stopped engine: health_tracker
2025-11-01 05:33:26,844 - jarvis.auto_execution - INFO - stop:6557 - Stopped engine: adaptive_strategy
2025-11-01 05:33:26,844 - jarvis.auto_execution - INFO - stop:6557 - Stopped engine: error_predictor
2025-11-01 05:33:26,847 - jarvis.auto_execution - INFO - stop:6557 - Stopped engine: autonomous_debugger
2025-11-01 05:33:26,868 - jarvis.auto_execution - INFO - stop:6564 - Advanced Auto-Execution System stopped
