2025-11-01 05:00:22,895 - __main__ - INFO - Ultimate Autonomous Controller initialized successfully
2025-11-01 05:00:22,896 - __main__ - INFO - Autonomous mode enabled - Zero intervention mode active
2025-11-01 05:00:22,896 - __main__ - INFO - Executing autonomous command: Create a comprehensive analysis of system performance
2025-11-01 05:00:22,896 - __main__ - INFO - Executing autonomous command: Optimize memory usage and consolidate patterns
2025-11-01 05:00:22,896 - __main__ - ERROR - Autonomous command execution failed: 'ContextData' object has no attribute 'lower'
2025-11-01 05:00:22,896 - __main__ - INFO - Executing autonomous command: Generate predictive maintenance recommendations
2025-11-01 05:00:22,896 - __main__ - ERROR - Autonomous command execution failed: 'ContextData' object has no attribute 'lower'
2025-11-01 05:00:22,896 - __main__ - INFO - Executing autonomous command: Learn from recent operations and improve algorithms
2025-11-01 05:00:22,896 - __main__ - ERROR - Autonomous command execution failed: 'ContextData' object has no attribute 'lower'
2025-11-01 05:00:22,897 - __main__ - INFO - Executing autonomous command: Monitor system health and identify optimization opportunities
2025-11-01 05:00:22,897 - __main__ - ERROR - Autonomous command execution failed: 'ContextData' object has no attribute 'lower'
2025-11-01 05:00:57,309 - __main__ - INFO - Ultimate Autonomous Controller initialized successfully
2025-11-01 05:00:57,309 - __main__ - INFO - Autonomous mode enabled - Zero intervention mode active
2025-11-01 05:00:57,309 - __main__ - INFO - Executing autonomous command: Create a comprehensive analysis of system performance
2025-11-01 05:00:57,309 - __main__ - INFO - Executing autonomous command: Optimize memory usage and consolidate patterns
2025-11-01 05:00:57,310 - __main__ - INFO - Executing autonomous command: Generate predictive maintenance recommendations
2025-11-01 05:00:57,310 - __main__ - INFO - Executing autonomous command: Learn from recent operations and improve algorithms
2025-11-01 05:00:57,310 - __main__ - INFO - Executing autonomous command: Monitor system health and identify optimization opportunities
2025-11-01 05:01:17,472 - __main__ - INFO - Ultimate Autonomous Controller initialized successfully
2025-11-01 05:01:17,472 - __main__ - INFO - Autonomous mode enabled - Zero intervention mode active
2025-11-01 05:01:17,472 - __main__ - INFO - Executing autonomous command: Create a comprehensive analysis of system performance
2025-11-01 05:01:17,472 - __main__ - INFO - Executing autonomous command: Optimize memory usage and consolidate patterns
2025-11-01 05:01:17,472 - __main__ - INFO - Executing autonomous command: Generate predictive maintenance recommendations
2025-11-01 05:01:17,472 - __main__ - INFO - Executing autonomous command: Learn from recent operations and improve algorithms
2025-11-01 05:01:17,472 - __main__ - INFO - Executing autonomous command: Monitor system health and identify optimization opportunities
2025-11-01 05:01:17,490 - __main__ - INFO - Ultimate Autonomous Controller initialized successfully
2025-11-01 05:01:17,490 - __main__ - INFO - Autonomous mode enabled - Zero intervention mode active
2025-11-01 05:01:17,490 - __main__ - INFO - Auto-optimization enabled
2025-11-01 05:01:17,490 - __main__ - INFO - Applied memory optimization recommendation
2025-11-01 05:01:17,491 - __main__ - INFO - Comprehensive analysis completed. Health score: 0.64
2025-11-01 05:01:17,491 - __main__ - INFO - Quantum optimization for memory: 0.00% improvement
2025-11-01 05:01:17,491 - __main__ - INFO - Quantum optimization for learning: 0.00% improvement
2025-11-01 05:01:17,505 - __main__ - INFO - Evolutionary optimization completed: 0.90 fitness
2025-11-01 05:01:17,506 - __main__ - INFO - Quantum optimization for performance: 0.00% improvement
2025-11-01 05:01:17,506 - __main__ - WARNING - Critical issue detected: decision_engine - Low health score detected
2025-11-01 05:01:17,506 - __main__ - INFO - System diagnostics completed. Health score: 0.68
2025-11-01 05:01:17,506 - __main__ - INFO - Executing autonomous command: Perform comprehensive system analysis and optimization
2025-11-01 05:01:17,506 - __main__ - INFO - Executing autonomous command: Execute quantum-inspired optimization on memory systems
2025-11-01 05:01:17,507 - __main__ - INFO - Executing autonomous command: Run evolutionary algorithm for performance tuning
2025-11-01 05:01:17,507 - __main__ - INFO - Executing autonomous command: Analyze system anomalies and predict failures
2025-11-01 05:01:17,507 - __main__ - INFO - Executing autonomous command: Optimize neural network parameters autonomously
2025-11-01 05:01:17,507 - __main__ - INFO - Executing autonomous command: Generate quantum optimization recommendations
2025-11-01 05:01:17,507 - __main__ - INFO - Executing autonomous command: Execute self-healing system maintenance
2025-11-01 05:01:17,507 - __main__ - INFO - Executing autonomous command: Perform predictive system health analysis
